<?xml version="1.0" encoding="UTF-8"?>
<robot generator="Robot 6.1.1 (Python 3.11.4 on win32)" generated="20231108 11:07:16.947" rpa="false" schemaversion="4">
<suite id="s1" name="Robot" source="C:\Users\Alunos\Documents\Eronga\robot">
<suite id="s1-s1" name="Tests" source="C:\Users\Alunos\Documents\Eronga\robot\tests.robot">
<test id="s1-s1-t1" name="Caso de teste 01: Abrindo site Steam no menu loja" line="8">
<kw name="Abrir navegador" library="resource" type="SETUP">
<kw name="Open Browser" library="SeleniumLibrary">
<arg>browser=${BROWSER}</arg>
<arg>url=https://www.google.com.br/</arg>
<doc>Opens a new browser instance to the optional ``url``.</doc>
<msg timestamp="20231108 11:07:17.192" level="INFO">Opening browser 'chrome' to base url 'https://www.google.com.br/'.</msg>
<status status="PASS" starttime="20231108 11:07:17.191" endtime="20231108 11:07:25.872"/>
</kw>
<kw name="Maximize Browser Window" library="SeleniumLibrary">
<doc>Maximizes current browser window.</doc>
<status status="PASS" starttime="20231108 11:07:25.873" endtime="20231108 11:07:25.988"/>
</kw>
<status status="PASS" starttime="20231108 11:07:17.190" endtime="20231108 11:07:25.989"/>
</kw>
<kw name="Acessar a home pag e do site" library="resource">
<kw name="Go To" library="SeleniumLibrary">
<arg>${URL}</arg>
<doc>Navigates the current browser window to the provided ``url``.</doc>
<msg timestamp="20231108 11:07:25.993" level="INFO">Opening url 'https://store.steampowered.com/'</msg>
<status status="PASS" starttime="20231108 11:07:25.991" endtime="20231108 11:07:28.410"/>
</kw>
<kw name="Wait Until Element Is Visible" library="SeleniumLibrary">
<arg>//*[@id="logo_holder"]/a/img</arg>
<arg>timeout=10s</arg>
<doc>Waits until the element ``locator`` is visible.</doc>
<status status="PASS" starttime="20231108 11:07:28.410" endtime="20231108 11:07:28.499"/>
</kw>
<status status="PASS" starttime="20231108 11:07:25.990" endtime="20231108 11:07:28.499"/>
</kw>
<kw name="Fechar navegador" library="resource" type="TEARDOWN">
<kw name="Capture Page Screenshot" library="SeleniumLibrary">
<doc>Takes a screenshot of the current page and embeds it into a log file.</doc>
<msg timestamp="20231108 11:07:29.010" level="INFO" html="true">&lt;/td&gt;&lt;/tr&gt;&lt;tr&gt;&lt;td colspan="3"&gt;&lt;a href="selenium-screenshot-1.png"&gt;&lt;img src="selenium-screenshot-1.png" width="800px"&gt;&lt;/a&gt;</msg>
<status status="PASS" starttime="20231108 11:07:28.500" endtime="20231108 11:07:29.011"/>
</kw>
<kw name="Close All Browsers" library="SeleniumLibrary">
<doc>Closes all open browsers and resets the browser cache.</doc>
<status status="PASS" starttime="20231108 11:07:29.011" endtime="20231108 11:07:35.216"/>
</kw>
<status status="PASS" starttime="20231108 11:07:28.500" endtime="20231108 11:07:35.217"/>
</kw>
<doc>Abrir loja</doc>
<tag>menu</tag>
<status status="PASS" starttime="20231108 11:07:17.189" endtime="20231108 11:07:35.219"/>
</test>
<status status="PASS" starttime="20231108 11:07:16.997" endtime="20231108 11:07:35.224"/>
</suite>
<status status="PASS" starttime="20231108 11:07:16.963" endtime="20231108 11:07:35.231"/>
</suite>
<statistics>
<total>
<stat pass="1" fail="0" skip="0">All Tests</stat>
</total>
<tag>
<stat pass="1" fail="0" skip="0">menu</stat>
</tag>
<suite>
<stat pass="1" fail="0" skip="0" id="s1" name="Robot">Robot</stat>
<stat pass="1" fail="0" skip="0" id="s1-s1" name="Tests">Robot.Tests</stat>
</suite>
</statistics>
<errors>
</errors>
</robot>
